<?xml version="1.0" encoding="UTF-8"?>
<testng-results skipped="0" failed="0" ignored="0" total="4" passed="4">
  <reporter-output>
  </reporter-output>
  <suite name="Suite" duration-ms="15036" started-at="2022-08-31T12:52:33 IST" finished-at="2022-08-31T12:52:48 IST">
    <groups>
    </groups>
    <test name="Test" duration-ms="15036" started-at="2022-08-31T12:52:33 IST" finished-at="2022-08-31T12:52:48 IST">
      <class name="testngpack.Class3">
        <test-method status="PASS" signature="launchGoogle1()[pri:0, instance:testngpack.Class3@2833cc44]" name="launchGoogle1" duration-ms="5362" started-at="2022-08-31T12:52:33 IST" finished-at="2022-08-31T12:52:38 IST">
          <reporter-output>
          </reporter-output>
        </test-method> <!-- launchGoogle1 -->
      </class> <!-- testngpack.Class3 -->
      <class name="testngpack.Class2">
        <test-method status="PASS" signature="launchGoogle1()[pri:0, instance:testngpack.Class2@2781e022]" name="launchGoogle1" duration-ms="3183" started-at="2022-08-31T12:52:39 IST" finished-at="2022-08-31T12:52:42 IST">
          <reporter-output>
          </reporter-output>
        </test-method> <!-- launchGoogle1 -->
      </class> <!-- testngpack.Class2 -->
      <class name="testngpack.Class4">
        <test-method status="PASS" signature="launchGoogle1()[pri:0, instance:testngpack.Class4@4232c52b]" name="launchGoogle1" duration-ms="3703" started-at="2022-08-31T12:52:44 IST" finished-at="2022-08-31T12:52:48 IST">
          <reporter-output>
          </reporter-output>
        </test-method> <!-- launchGoogle1 -->
      </class> <!-- testngpack.Class4 -->
      <class name="testngpack.Class1">
        <test-method status="PASS" signature="launchGoogle1()[pri:0, instance:testngpack.Class1@57e1b0c]" name="launchGoogle1" duration-ms="2736" started-at="2022-08-31T12:52:42 IST" finished-at="2022-08-31T12:52:44 IST">
          <reporter-output>
          </reporter-output>
        </test-method> <!-- launchGoogle1 -->
      </class> <!-- testngpack.Class1 -->
    </test> <!-- Test -->
  </suite> <!-- Suite -->
</testng-results>
