<?xml version="1.0" encoding="UTF-8"?>
<!-- Generated by org.testng.reporters.JUnitXMLReporter -->
<testsuite hostname="LAPTOP-3RMA55CC" ignored="0" name="Test" tests="4" failures="0" timestamp="2022-08-31T12:52:48 IST" time="15.036" errors="0">
  <testcase name="launchGoogle1" time="5.362" classname="testngpack.Class3"/>
  <testcase name="launchGoogle1" time="3.183" classname="testngpack.Class2"/>
  <testcase name="launchGoogle1" time="2.736" classname="testngpack.Class1"/>
  <testcase name="launchGoogle1" time="3.703" classname="testngpack.Class4"/>
</testsuite> <!-- Test -->
